---------------------------------
Namespace(dist='Cosine', vid_model='dinov2', text_model='bert', base_data='coco', query_data='coco', gpu=0, kkk=5)
dinov2 bert
text dimension 1024 == img dimension 1024!
tensor(0., device='cuda:0')
True
__________orig ________________
t2i_ori_score tensor(0.4967, device='cuda:0')
i2t_ori_score tensor(0.4730, device='cuda:0')
__________cca ________________
t2i_ori_cca tensor(0.4903, device='cuda:0')
i2t_ori_cca tensor(0.5221, device='cuda:0')
__________ours ________________
t2i_att_score tensor(0.5401, device='cuda:0')
i2t_att_score tensor(0.5391, device='cuda:0')
__________clip ________________
t2i_clip_score tensor(1.4209, device='cuda:0')
i2t_clip_score tensor(1.3812, device='cuda:0')
---------------------------------
Namespace(dist='Cosine', vid_model='dinov2', text_model='bert', base_data='coco', query_data='coco', gpu=0, kkk=10)
dinov2 bert
text dimension 1024 == img dimension 1024!
tensor(0., device='cuda:0')
True
__________orig ________________
t2i_ori_score tensor(0.9917, device='cuda:0')
i2t_ori_score tensor(0.9478, device='cuda:0')
__________cca ________________
t2i_ori_cca tensor(0.9828, device='cuda:0')
i2t_ori_cca tensor(1.0132, device='cuda:0')
__________ours ________________
t2i_att_score tensor(1.1238, device='cuda:0')
i2t_att_score tensor(1.0226, device='cuda:0')
__________clip ________________
t2i_clip_score tensor(2.7341, device='cuda:0')
i2t_clip_score tensor(2.6610, device='cuda:0')
---------------------------------
Namespace(dist='Cosine', vid_model='dinov2', text_model='bert', base_data='coco', query_data='coco', gpu=0, kkk=30)
dinov2 bert
text dimension 1024 == img dimension 1024!
tensor(0., device='cuda:0')
True
__________orig ________________
t2i_ori_score tensor(2.9698, device='cuda:0')
i2t_ori_score tensor(2.8527, device='cuda:0')
__________cca ________________
t2i_ori_cca tensor(2.9647, device='cuda:0')
i2t_ori_cca tensor(2.9871, device='cuda:0')
__________ours ________________
t2i_att_score tensor(3.1944, device='cuda:0')
i2t_att_score tensor(2.8728, device='cuda:0')
__________clip ________________
t2i_clip_score tensor(7.6345, device='cuda:0')
i2t_clip_score tensor(7.4703, device='cuda:0')
---------------------------------
Namespace(dist='Cosine', vid_model='dinov2', text_model='bert', base_data='coco', query_data='coco', gpu=0, kkk=50)
dinov2 bert
text dimension 1024 == img dimension 1024!
tensor(0., device='cuda:0')
True
__________orig ________________
t2i_ori_score tensor(4.9364, device='cuda:0')
i2t_ori_score tensor(4.7603, device='cuda:0')
__________cca ________________
t2i_ori_cca tensor(4.9465, device='cuda:0')
i2t_ori_cca tensor(4.9527, device='cuda:0')
__________ours ________________
t2i_att_score tensor(5.2777, device='cuda:0')
i2t_att_score tensor(4.8046, device='cuda:0')
__________clip ________________
t2i_clip_score tensor(12.2125, device='cuda:0')
i2t_clip_score tensor(11.9866, device='cuda:0')
