---------------------------------
Namespace(dist='Cosine', vid_model='convnext', text_model='bert', base_data='coco', query_data='coco', gpu=0, kkk=5)
convnext bert
text dimension 1024 == img dimension 1024!
tensor(0., device='cuda:0')
True
__________orig ________________
t2i_ori_score tensor(0.3961, device='cuda:0')
i2t_ori_score tensor(0.4745, device='cuda:0')
__________cca ________________
t2i_ori_cca tensor(0.5065, device='cuda:0')
i2t_ori_cca tensor(0.4964, device='cuda:0')
__________ours ________________
t2i_att_score tensor(0.6125, device='cuda:0')
i2t_att_score tensor(0.5370, device='cuda:0')
__________clip ________________
t2i_clip_score tensor(1.4209, device='cuda:0')
i2t_clip_score tensor(1.3812, device='cuda:0')
---------------------------------
Namespace(dist='Cosine', vid_model='convnext', text_model='bert', base_data='coco', query_data='coco', gpu=0, kkk=10)
convnext bert
text dimension 1024 == img dimension 1024!
tensor(0., device='cuda:0')
True
__________orig ________________
t2i_ori_score tensor(0.8371, device='cuda:0')
i2t_ori_score tensor(0.9503, device='cuda:0')
__________cca ________________
t2i_ori_cca tensor(1.0008, device='cuda:0')
i2t_ori_cca tensor(0.9955, device='cuda:0')
__________ours ________________
t2i_att_score tensor(1.1276, device='cuda:0')
i2t_att_score tensor(1.0226, device='cuda:0')
__________clip ________________
t2i_clip_score tensor(2.7341, device='cuda:0')
i2t_clip_score tensor(2.6610, device='cuda:0')
---------------------------------
Namespace(dist='Cosine', vid_model='convnext', text_model='bert', base_data='coco', query_data='coco', gpu=0, kkk=30)
convnext bert
text dimension 1024 == img dimension 1024!
tensor(0., device='cuda:0')
True
__________orig ________________
t2i_ori_score tensor(2.6031, device='cuda:0')
i2t_ori_score tensor(2.8515, device='cuda:0')
__________cca ________________
t2i_ori_cca tensor(2.9907, device='cuda:0')
i2t_ori_cca tensor(2.9894, device='cuda:0')
__________ours ________________
t2i_att_score tensor(3.1825, device='cuda:0')
i2t_att_score tensor(2.8752, device='cuda:0')
__________clip ________________
t2i_clip_score tensor(7.6345, device='cuda:0')
i2t_clip_score tensor(7.4703, device='cuda:0')
---------------------------------
Namespace(dist='Cosine', vid_model='convnext', text_model='bert', base_data='coco', query_data='coco', gpu=0, kkk=50)
convnext bert
text dimension 1024 == img dimension 1024!
tensor(0., device='cuda:0')
True
__________orig ________________
t2i_ori_score tensor(4.4123, device='cuda:0')
i2t_ori_score tensor(4.7555, device='cuda:0')
__________cca ________________
t2i_ori_cca tensor(4.9759, device='cuda:0')
i2t_ori_cca tensor(4.9791, device='cuda:0')
__________ours ________________
t2i_att_score tensor(5.2428, device='cuda:0')
i2t_att_score tensor(4.7839, device='cuda:0')
__________clip ________________
t2i_clip_score tensor(12.2125, device='cuda:0')
i2t_clip_score tensor(11.9866, device='cuda:0')
