---------------------------------
Namespace(dist='Cosine', vid_model='convnext', text_model='allroberta', base_data='coco', query_data='coco', gpu=0, kkk=5)
convnext allroberta
text dimension 1024 == img dimension 1024!
tensor(0., device='cuda:0')
True
__________orig ________________
t2i_ori_score tensor(0.4928, device='cuda:0')
i2t_ori_score tensor(0.4804, device='cuda:0')
__________cca ________________
t2i_ori_cca tensor(0.5159, device='cuda:0')
i2t_ori_cca tensor(0.5106, device='cuda:0')
__________ours ________________
t2i_att_score tensor(1.0050, device='cuda:0')
i2t_att_score tensor(0.6167, device='cuda:0')
__________clip ________________
t2i_clip_score tensor(1.4209, device='cuda:0')
i2t_clip_score tensor(1.3812, device='cuda:0')
---------------------------------
Namespace(dist='Cosine', vid_model='convnext', text_model='allroberta', base_data='coco', query_data='coco', gpu=0, kkk=10)
convnext allroberta
text dimension 1024 == img dimension 1024!
tensor(0., device='cuda:0')
True
__________orig ________________
t2i_ori_score tensor(0.9855, device='cuda:0')
i2t_ori_score tensor(0.9641, device='cuda:0')
__________cca ________________
t2i_ori_cca tensor(1.0234, device='cuda:0')
i2t_ori_cca tensor(1.0049, device='cuda:0')
__________ours ________________
t2i_att_score tensor(1.9309, device='cuda:0')
i2t_att_score tensor(1.2170, device='cuda:0')
__________clip ________________
t2i_clip_score tensor(2.7341, device='cuda:0')
i2t_clip_score tensor(2.6610, device='cuda:0')
---------------------------------
Namespace(dist='Cosine', vid_model='convnext', text_model='allroberta', base_data='coco', query_data='coco', gpu=0, kkk=30)
convnext allroberta
text dimension 1024 == img dimension 1024!
tensor(0., device='cuda:0')
True
__________orig ________________
t2i_ori_score tensor(2.9625, device='cuda:0')
i2t_ori_score tensor(2.8896, device='cuda:0')
__________cca ________________
t2i_ori_cca tensor(3.0087, device='cuda:0')
i2t_ori_cca tensor(2.9976, device='cuda:0')
__________ours ________________
t2i_att_score tensor(5.2474, device='cuda:0')
i2t_att_score tensor(3.5384, device='cuda:0')
__________clip ________________
t2i_clip_score tensor(7.6345, device='cuda:0')
i2t_clip_score tensor(7.4703, device='cuda:0')
---------------------------------
Namespace(dist='Cosine', vid_model='convnext', text_model='allroberta', base_data='coco', query_data='coco', gpu=0, kkk=50)
convnext allroberta
text dimension 1024 == img dimension 1024!
tensor(0., device='cuda:0')
True
__________orig ________________
t2i_ori_score tensor(4.9402, device='cuda:0')
i2t_ori_score tensor(4.8243, device='cuda:0')
__________cca ________________
t2i_ori_cca tensor(5.0029, device='cuda:0')
i2t_ori_cca tensor(4.9828, device='cuda:0')
__________ours ________________
t2i_att_score tensor(8.2675, device='cuda:0')
i2t_att_score tensor(5.7906, device='cuda:0')
__________clip ________________
t2i_clip_score tensor(12.2125, device='cuda:0')
i2t_clip_score tensor(11.9866, device='cuda:0')
