---------------------------------
Namespace(dist='Cosine', vid_model='dinov2', text_model='allroberta', base_data='nocaps', query_data='nocaps', gpu=0, kkk=5)
dinov2 allroberta
text dimension 1024 == img dimension 1024!
tensor(0., device='cuda:0')
True
__________orig ________________
t2i_ori_score tensor(0.4975, device='cuda:0')
i2t_ori_score tensor(0.4675, device='cuda:0')
__________cca ________________
t2i_ori_cca tensor(0.4759, device='cuda:0')
i2t_ori_cca tensor(0.4514, device='cuda:0')
__________ours ________________
t2i_att_score tensor(0.8301, device='cuda:0')
i2t_att_score tensor(0.7745, device='cuda:0')
__________clip ________________
t2i_clip_score tensor(1.3571, device='cuda:0')
i2t_clip_score tensor(1.3257, device='cuda:0')
---------------------------------
Namespace(dist='Cosine', vid_model='dinov2', text_model='allroberta', base_data='nocaps', query_data='nocaps', gpu=0, kkk=10)
dinov2 allroberta
text dimension 1024 == img dimension 1024!
tensor(0., device='cuda:0')
True
__________orig ________________
t2i_ori_score tensor(0.9938, device='cuda:0')
i2t_ori_score tensor(0.9365, device='cuda:0')
__________cca ________________
t2i_ori_cca tensor(0.9517, device='cuda:0')
i2t_ori_cca tensor(0.9304, device='cuda:0')
__________ours ________________
t2i_att_score tensor(1.6044, device='cuda:0')
i2t_att_score tensor(1.5137, device='cuda:0')
__________clip ________________
t2i_clip_score tensor(2.5565, device='cuda:0')
i2t_clip_score tensor(2.4994, device='cuda:0')
---------------------------------
Namespace(dist='Cosine', vid_model='dinov2', text_model='allroberta', base_data='nocaps', query_data='nocaps', gpu=0, kkk=30)
dinov2 allroberta
text dimension 1024 == img dimension 1024!
tensor(0., device='cuda:0')
True
__________orig ________________
t2i_ori_score tensor(2.9696, device='cuda:0')
i2t_ori_score tensor(2.8229, device='cuda:0')
__________cca ________________
t2i_ori_cca tensor(2.8589, device='cuda:0')
i2t_ori_cca tensor(2.8580, device='cuda:0')
__________ours ________________
t2i_att_score tensor(4.5499, device='cuda:0')
i2t_att_score tensor(4.3244, device='cuda:0')
__________clip ________________
t2i_clip_score tensor(6.8603, device='cuda:0')
i2t_clip_score tensor(6.7170, device='cuda:0')
---------------------------------
Namespace(dist='Cosine', vid_model='dinov2', text_model='allroberta', base_data='nocaps', query_data='nocaps', gpu=0, kkk=50)
dinov2 allroberta
text dimension 1024 == img dimension 1024!
tensor(0., device='cuda:0')
True
__________orig ________________
t2i_ori_score tensor(4.9381, device='cuda:0')
i2t_ori_score tensor(4.7121, device='cuda:0')
__________cca ________________
t2i_ori_cca tensor(4.7746, device='cuda:0')
i2t_ori_cca tensor(4.7796, device='cuda:0')
__________ours ________________
t2i_att_score tensor(7.3352, device='cuda:0')
i2t_att_score tensor(7.0192, device='cuda:0')
__________clip ________________
t2i_clip_score tensor(10.7958, device='cuda:0')
i2t_clip_score tensor(10.5848, device='cuda:0')
