---------------------------------
Namespace(dist='Cosine', vid_model='vit', text_model='bert', base_data='nocaps', query_data='nocaps', gpu=0, kkk=5)
vit bert
text dimension 1024 > img dimension 768! Using PCA for dimension reduction!
tensor(0., device='cuda:0')
True
__________orig ________________
t2i_ori_score tensor(0.4794, device='cuda:0')
i2t_ori_score tensor(0.4739, device='cuda:0')
__________cca ________________
t2i_ori_cca tensor(0.4936, device='cuda:0')
i2t_ori_cca tensor(0.4495, device='cuda:0')
__________ours ________________
t2i_att_score tensor(0.7012, device='cuda:0')
i2t_att_score tensor(0.6672, device='cuda:0')
__________clip ________________
t2i_clip_score tensor(1.3571, device='cuda:0')
i2t_clip_score tensor(1.3257, device='cuda:0')
---------------------------------
Namespace(dist='Cosine', vid_model='vit', text_model='bert', base_data='nocaps', query_data='nocaps', gpu=0, kkk=10)
vit bert
text dimension 1024 > img dimension 768! Using PCA for dimension reduction!
tensor(0., device='cuda:0')
True
__________orig ________________
t2i_ori_score tensor(0.9581, device='cuda:0')
i2t_ori_score tensor(0.9468, device='cuda:0')
__________cca ________________
t2i_ori_cca tensor(0.9703, device='cuda:0')
i2t_ori_cca tensor(0.9068, device='cuda:0')
__________ours ________________
t2i_att_score tensor(1.3751, device='cuda:0')
i2t_att_score tensor(1.2939, device='cuda:0')
__________clip ________________
t2i_clip_score tensor(2.5565, device='cuda:0')
i2t_clip_score tensor(2.4994, device='cuda:0')
---------------------------------
Namespace(dist='Cosine', vid_model='vit', text_model='bert', base_data='nocaps', query_data='nocaps', gpu=0, kkk=30)
vit bert
text dimension 1024 > img dimension 768! Using PCA for dimension reduction!
tensor(0., device='cuda:0')
True
__________orig ________________
t2i_ori_score tensor(2.8620, device='cuda:0')
i2t_ori_score tensor(2.8462, device='cuda:0')
__________cca ________________
t2i_ori_cca tensor(2.8685, device='cuda:0')
i2t_ori_cca tensor(2.7914, device='cuda:0')
__________ours ________________
t2i_att_score tensor(3.9601, device='cuda:0')
i2t_att_score tensor(3.7131, device='cuda:0')
__________clip ________________
t2i_clip_score tensor(6.8603, device='cuda:0')
i2t_clip_score tensor(6.7170, device='cuda:0')
---------------------------------
Namespace(dist='Cosine', vid_model='vit', text_model='bert', base_data='nocaps', query_data='nocaps', gpu=0, kkk=50)
vit bert
text dimension 1024 > img dimension 768! Using PCA for dimension reduction!
tensor(0., device='cuda:0')
True
__________orig ________________
t2i_ori_score tensor(4.7743, device='cuda:0')
i2t_ori_score tensor(4.7417, device='cuda:0')
__________cca ________________
t2i_ori_cca tensor(4.7601, device='cuda:0')
i2t_ori_cca tensor(4.6992, device='cuda:0')
__________ours ________________
t2i_att_score tensor(6.4491, device='cuda:0')
i2t_att_score tensor(6.0693, device='cuda:0')
__________clip ________________
t2i_clip_score tensor(10.7958, device='cuda:0')
i2t_clip_score tensor(10.5848, device='cuda:0')
