---------------------------------
Namespace(dist='Cosine', vid_model='wavlm-base-plus', text_model='roberta-base', base_data='TIMIT', query_data='TIMIT', gpu=0, kkk=5)
wavlm-base-plus roberta-base
text dimension 768 == img dimension 768!
t2i_ori_score tensor(0.4720, device='cuda:0')
i2t_ori_score tensor(0.4268, device='cuda:0')
t2i_att_score tensor(0.5049, device='cuda:0')
i2t_att_score tensor(0.5781, device='cuda:0')
t2i_clip_score tensor(1.0621, device='cuda:0')
i2t_clip_score tensor(1.8369, device='cuda:0')
---------------------------------
Namespace(dist='Cosine', vid_model='wavlm-base-plus', text_model='roberta-base', base_data='TIMIT', query_data='TIMIT', gpu=0, kkk=10)
wavlm-base-plus roberta-base
text dimension 768 == img dimension 768!
t2i_ori_score tensor(0.9129, device='cuda:0')
i2t_ori_score tensor(0.8765, device='cuda:0')
t2i_att_score tensor(0.9712, device='cuda:0')
i2t_att_score tensor(1.2291, device='cuda:0')
t2i_clip_score tensor(2.0461, device='cuda:0')
i2t_clip_score tensor(3.6113, device='cuda:0')
---------------------------------
Namespace(dist='Cosine', vid_model='wavlm-base-plus', text_model='roberta-base', base_data='TIMIT', query_data='TIMIT', gpu=0, kkk=30)
wavlm-base-plus roberta-base
text dimension 768 == img dimension 768!
t2i_ori_score tensor(2.4506, device='cuda:0')
i2t_ori_score tensor(2.5181, device='cuda:0')
t2i_att_score tensor(2.6936, device='cuda:0')
i2t_att_score tensor(2.9674, device='cuda:0')
t2i_clip_score tensor(5.7267, device='cuda:0')
i2t_clip_score tensor(10.1469, device='cuda:0')
---------------------------------
Namespace(dist='Cosine', vid_model='wavlm-base-plus', text_model='roberta-base', base_data='TIMIT', query_data='TIMIT', gpu=0, kkk=50)
wavlm-base-plus roberta-base
text dimension 768 == img dimension 768!
t2i_ori_score tensor(3.9979, device='cuda:0')
i2t_ori_score tensor(4.1482, device='cuda:0')
t2i_att_score tensor(4.3877, device='cuda:0')
i2t_att_score tensor(4.3355, device='cuda:0')
t2i_clip_score tensor(9.2042, device='cuda:0')
i2t_clip_score tensor(16.2253, device='cuda:0')
---------------------------------
Namespace(dist='Cosine', vid_model='wavlm-base-plus', text_model='roberta-base', base_data='TIMIT', query_data='TIMIT', gpu=0, kkk=100)
wavlm-base-plus roberta-base
text dimension 768 == img dimension 768!
t2i_ori_score tensor(7.8661, device='cuda:0')
i2t_ori_score tensor(7.9230, device='cuda:0')
t2i_att_score tensor(8.6845, device='cuda:0')
i2t_att_score tensor(9.7267, device='cuda:0')
t2i_clip_score tensor(17.4574, device='cuda:0')
i2t_clip_score tensor(30.3299, device='cuda:0')
