---------------------------------
Namespace(dist='Cosine', vid_model='wavlm-base', text_model='roberta-base', base_data='TIMIT', query_data='TIMIT', gpu=0, kkk=5)
wavlm-base roberta-base
text dimension 768 == img dimension 768!
t2i_ori_score tensor(0.3284, device='cuda:0')
i2t_ori_score tensor(0.3283, device='cuda:0')
t2i_att_score tensor(0.4366, device='cuda:0')
i2t_att_score tensor(0.5781, device='cuda:0')
t2i_clip_score tensor(1.0621, device='cuda:0')
i2t_clip_score tensor(1.8369, device='cuda:0')
---------------------------------
Namespace(dist='Cosine', vid_model='wavlm-base', text_model='roberta-base', base_data='TIMIT', query_data='TIMIT', gpu=0, kkk=10)
wavlm-base roberta-base
text dimension 768 == img dimension 768!
t2i_ori_score tensor(0.6593, device='cuda:0')
i2t_ori_score tensor(0.6482, device='cuda:0')
t2i_att_score tensor(0.9138, device='cuda:0')
i2t_att_score tensor(1.2411, device='cuda:0')
t2i_clip_score tensor(2.0461, device='cuda:0')
i2t_clip_score tensor(3.6113, device='cuda:0')
---------------------------------
Namespace(dist='Cosine', vid_model='wavlm-base', text_model='roberta-base', base_data='TIMIT', query_data='TIMIT', gpu=0, kkk=30)
wavlm-base roberta-base
text dimension 768 == img dimension 768!
t2i_ori_score tensor(2.0805, device='cuda:0')
i2t_ori_score tensor(1.9201, device='cuda:0')
t2i_att_score tensor(2.4933, device='cuda:0')
i2t_att_score tensor(2.9762, device='cuda:0')
t2i_clip_score tensor(5.7267, device='cuda:0')
i2t_clip_score tensor(10.1469, device='cuda:0')
---------------------------------
Namespace(dist='Cosine', vid_model='wavlm-base', text_model='roberta-base', base_data='TIMIT', query_data='TIMIT', gpu=0, kkk=50)
wavlm-base roberta-base
text dimension 768 == img dimension 768!
t2i_ori_score tensor(3.5189, device='cuda:0')
i2t_ori_score tensor(3.2087, device='cuda:0')
t2i_att_score tensor(4.2278, device='cuda:0')
i2t_att_score tensor(4.3383, device='cuda:0')
t2i_clip_score tensor(9.2042, device='cuda:0')
i2t_clip_score tensor(16.2253, device='cuda:0')
---------------------------------
Namespace(dist='Cosine', vid_model='wavlm-base', text_model='roberta-base', base_data='TIMIT', query_data='TIMIT', gpu=0, kkk=100)
wavlm-base roberta-base
text dimension 768 == img dimension 768!
t2i_ori_score tensor(7.0719, device='cuda:0')
i2t_ori_score tensor(6.6487, device='cuda:0')
t2i_att_score tensor(8.4867, device='cuda:0')
i2t_att_score tensor(9.7307, device='cuda:0')
t2i_clip_score tensor(17.4574, device='cuda:0')
i2t_clip_score tensor(30.3299, device='cuda:0')
